<?xml version="1.0" encoding="UTF-8"?>
<testsuite name="Cucumber" time="11.68" tests="1" skipped="0" failures="1" errors="0">
<testcase classname="hooks_test" name="TC_01_" time="11.457">
<failure type="java.lang.AssertionError">
<![CDATA[java.lang.AssertionError
	at org.junit.Assert.fail(Assert.java:87)
	at org.junit.Assert.assertTrue(Assert.java:42)
	at org.junit.Assert.assertTrue(Assert.java:53)
	at stepdefinitions.LoginStepDefinitions.verify_the_next_page_url_contains_login_keyword(LoginStepDefinitions.java:43)
	at âœ½.verify the next page url contains login keyword(file:///Users/HUSNE/Documents/intellij%20projects/my-cucumber-project/./src/test/resources/features/day26_failed_test_cases.feature:9)
]]>
</failure>
<system-out><![CDATA[
Given user is on "https://www.bluerentalcars.com/login" page................passed
And user enters customer_email and customer_password........................passed
Then verify the next page url contains login keyword........................failed
]]></system-out>
</testcase>
</testsuite>
